  HNPlatformGameList.cpp
e:\client\new8legame\code\common\libhnlogic\hnplatformlogic\hnplatformgamelist.cpp(1): fatal error C1083: 无法打开包括文件: “HNPlatformLogic/HNPlatformGameList.h”: No such file or directory
  HNPlatformLogicBase.cpp
e:\client\new8legame\code\common\libhnlogic\hnplatformlogic\hnplatformlogicbase.h(4): fatal error C1083: 无法打开包括文件: “HNLogic/HNLogicBase.h”: No such file or directory
  HNPlatformLogin.cpp
e:\client\new8legame\code\common\libhnlogic\hnplatformlogic\hnplatformlogin.h(4): fatal error C1083: 无法打开包括文件: “HNPlatformLogic/HNPlatformLogicBase.h”: No such file or directory
  HNPlatformRegist.cpp
e:\client\new8legame\code\common\libhnlogic\hnplatformlogic\hnplatformregist.h(4): fatal error C1083: 无法打开包括文件: “HNPlatformLogic/HNPlatformLogicBase.h”: No such file or directory
  HNPlatformRoomList.cpp
e:\client\new8legame\code\common\libhnlogic\hnplatformlogic\hnplatformroomlist.cpp(1): fatal error C1083: 无法打开包括文件: “HNPlatformLogic/HNPlatformRoomList.h”: No such file or directory
  HNPlatformSpreadLogic.cpp
e:\client\new8legame\code\common\libhnlogic\hnplatformlogic\hnplatformspreadlogic.h(6): fatal error C1083: 无法打开包括文件: “HNPlatformLogic/HNPlatformSpreadManager.h”: No such file or directory
  HNGameLogicBase.cpp
e:\client\new8legame\code\common\libhnlogic\hnroomlogic\hngamelogicbase.h(4): fatal error C1083: 无法打开包括文件: “HNLogic/HNLogicBase.h”: No such file or directory
  HNRoomDeskLogic.cpp
e:\client\new8legame\code\common\libhnlogic\hnroomlogic\hnroomdesklogic.h(4): fatal error C1083: 无法打开包括文件: “HNLogic/HNLogicBase.h”: No such file or directory
  HNRoomLogicBase.cpp
e:\client\new8legame\code\common\libhnlogic\hnroomlogic\hnroomlogicbase.cpp(1): fatal error C1083: 无法打开包括文件: “HNRoomLogic/HNRoomLogicBase.h”: No such file or directory
  UUIDHelper.cpp
e:\client\new8legame\cocos2d\cocos\platform\ccplatformconfig.h(143): fatal error C1189: #error:   "Cannot recognize the target platform; are you targeting an unsupported platform?"
