
init:
   [delete] Deleting: E:\MobileClient_1099\code\game\MixProject\HuangGuangPro.ccs
    [mkdir] Created dir: E:\MobileClient_1099\code\game\MixProject\tmp
     [copy] Copying 209 files to E:\MobileClient_1099\code\game\MixProject\tmp\csb
     [copy] Copying 4428 files to E:\MobileClient_1099\code\game\MixProject\cocosstudio
     [copy] Copied 517 empty directories to 2 empty directories under E:\MobileClient_1099\code\game\MixProject\cocosstudio
   [delete] Deleting directory E:\MobileClient_1099\code\game\MixProject\cocosstudio\csb
     [copy] Copying 209 files to E:\MobileClient_1099\code\game\MixProject\cocosstudio\csb
   [delete] Deleting directory E:\MobileClient_1099\code\game\MixProject\tmp

generate:
     [java] ../cocosstudio
     [java] ..

BUILD SUCCESSFUL

init:
   [delete] Deleting: E:\MobileClient_1099\code\game\MixProject\HuangGuangPro.ccs
    [mkdir] Created dir: E:\MobileClient_1099\code\game\MixProject\tmp
     [copy] Copying 209 files to E:\MobileClient_1099\code\game\MixProject\tmp\csb
     [copy] Copying 4428 files to E:\MobileClient_1099\code\game\MixProject\cocosstudio
     [copy] Copied 517 empty directories to 2 empty directories under E:\MobileClient_1099\code\game\MixProject\cocosstudio
   [delete] Deleting directory E:\MobileClient_1099\code\game\MixProject\cocosstudio\csb
     [copy] Copying 209 files to E:\MobileClient_1099\code\game\MixProject\cocosstudio\csb
   [delete] Deleting directory E:\MobileClient_1099\code\game\MixProject\tmp

generate:
     [java] ../cocosstudio
     [java] ..

BUILD SUCCESSFUL

init:
   [delete] Deleting: E:\MobileClient_1099\code\game\MixProject\HuangGuangPro.ccs
    [mkdir] Created dir: E:\MobileClient_1099\code\game\MixProject\tmp
     [copy] Copying 209 files to E:\MobileClient_1099\code\game\MixProject\tmp\csb
     [copy] Copying 4428 files to E:\MobileClient_1099\code\game\MixProject\cocosstudio
     [copy] Copied 517 empty directories to 2 empty directories under E:\MobileClient_1099\code\game\MixProject\cocosstudio
   [delete] Deleting directory E:\MobileClient_1099\code\game\MixProject\cocosstudio\csb
     [copy] Copying 209 files to E:\MobileClient_1099\code\game\MixProject\cocosstudio\csb
   [delete] Deleting directory E:\MobileClient_1099\code\game\MixProject\tmp

generate:
     [java] ../cocosstudio
     [java] ..

BUILD SUCCESSFUL

init:
   [delete] Deleting: E:\MobileClient_1099\code\game\MixProject\HuangGuangPro.ccs
    [mkdir] Created dir: E:\MobileClient_1099\code\game\MixProject\tmp
     [copy] Copying 210 files to E:\MobileClient_1099\code\game\MixProject\tmp\csb
     [copy] Copying 4429 files to E:\MobileClient_1099\code\game\MixProject\cocosstudio
     [copy] Copied 517 empty directories to 2 empty directories under E:\MobileClient_1099\code\game\MixProject\cocosstudio
   [delete] Deleting directory E:\MobileClient_1099\code\game\MixProject\cocosstudio\csb
     [copy] Copying 210 files to E:\MobileClient_1099\code\game\MixProject\cocosstudio\csb
   [delete] Deleting directory E:\MobileClient_1099\code\game\MixProject\tmp

generate:
     [java] ../cocosstudio
     [java] ..

BUILD SUCCESSFUL

init:
   [delete] Deleting: E:\MobileClient_1099\code\game\MixProject\HuangGuangPro.ccs
    [mkdir] Created dir: E:\MobileClient_1099\code\game\MixProject\tmp
     [copy] Copying 213 files to E:\MobileClient_1099\code\game\MixProject\tmp\csb
     [copy] Copying 4429 files to E:\MobileClient_1099\code\game\MixProject\cocosstudio
     [copy] Copied 517 empty directories to 2 empty directories under E:\MobileClient_1099\code\game\MixProject\cocosstudio
   [delete] Deleting directory E:\MobileClient_1099\code\game\MixProject\cocosstudio\csb
     [copy] Copying 213 files to E:\MobileClient_1099\code\game\MixProject\cocosstudio\csb
   [delete] Deleting directory E:\MobileClient_1099\code\game\MixProject\tmp

generate:
     [java] ../cocosstudio
     [java] ..

BUILD SUCCESSFUL

init:
   [delete] Deleting: E:\MobileClient_1099\code\game\MixProject\HuangGuangPro.ccs
    [mkdir] Created dir: E:\MobileClient_1099\code\game\MixProject\tmp
     [copy] Copying 214 files to E:\MobileClient_1099\code\game\MixProject\tmp\csb
     [copy] Copying 4440 files to E:\MobileClient_1099\code\game\MixProject\cocosstudio
     [copy] Copied 517 empty directories to 2 empty directories under E:\MobileClient_1099\code\game\MixProject\cocosstudio
   [delete] Deleting directory E:\MobileClient_1099\code\game\MixProject\cocosstudio\csb
     [copy] Copying 214 files to E:\MobileClient_1099\code\game\MixProject\cocosstudio\csb
   [delete] Deleting directory E:\MobileClient_1099\code\game\MixProject\tmp

generate:
     [java] ../cocosstudio
     [java] ..

BUILD SUCCESSFUL

init:
   [delete] Deleting: E:\MobileClient_1099\code\game\MixProject\HuangGuangPro.ccs
    [mkdir] Created dir: E:\MobileClient_1099\code\game\MixProject\tmp
     [copy] Copying 223 files to E:\MobileClient_1099\code\game\MixProject\tmp\csb
     [copy] Copying 5875 files to E:\MobileClient_1099\code\game\MixProject\cocosstudio
     [copy] Copied 630 empty directories to 3 empty directories under E:\MobileClient_1099\code\game\MixProject\cocosstudio
   [delete] Deleting directory E:\MobileClient_1099\code\game\MixProject\cocosstudio\csb
     [copy] Copying 223 files to E:\MobileClient_1099\code\game\MixProject\cocosstudio\csb
   [delete] Deleting directory E:\MobileClient_1099\code\game\MixProject\tmp

generate:
     [java] ../cocosstudio
     [java] ..

BUILD SUCCESSFUL

init:
   [delete] Deleting: E:\MobileClient_1099\code\game\MixProject\HuangGuangPro.ccs
    [mkdir] Created dir: E:\MobileClient_1099\code\game\MixProject\tmp
     [copy] Copying 223 files to E:\MobileClient_1099\code\game\MixProject\tmp\csb
     [copy] Copying 5878 files to E:\MobileClient_1099\code\game\MixProject\cocosstudio
     [copy] Copied 630 empty directories to 3 empty directories under E:\MobileClient_1099\code\game\MixProject\cocosstudio
   [delete] Deleting directory E:\MobileClient_1099\code\game\MixProject\cocosstudio\csb
     [copy] Copying 223 files to E:\MobileClient_1099\code\game\MixProject\cocosstudio\csb
   [delete] Deleting directory E:\MobileClient_1099\code\game\MixProject\tmp

generate:
     [java] ../cocosstudio
     [java] ..

BUILD SUCCESSFUL

init:
   [delete] Deleting: E:\MobileClient_1099\code\game\MixProject\HuangGuangPro.ccs
    [mkdir] Created dir: E:\MobileClient_1099\code\game\MixProject\tmp
     [copy] Copying 223 files to E:\MobileClient_1099\code\game\MixProject\tmp\csb
     [copy] Copying 5878 files to E:\MobileClient_1099\code\game\MixProject\cocosstudio
     [copy] Copied 630 empty directories to 3 empty directories under E:\MobileClient_1099\code\game\MixProject\cocosstudio
   [delete] Deleting directory E:\MobileClient_1099\code\game\MixProject\cocosstudio\csb
     [copy] Copying 223 files to E:\MobileClient_1099\code\game\MixProject\cocosstudio\csb
   [delete] Deleting directory E:\MobileClient_1099\code\game\MixProject\tmp

generate:
     [java] ../cocosstudio
     [java] ..

BUILD SUCCESSFUL

init:
   [delete] Deleting: E:\MobileClient_1099_BB\code\game\MixProject\HuangGuangPro.ccs
    [mkdir] Created dir: E:\MobileClient_1099_BB\code\game\MixProject\tmp
     [copy] Copying 223 files to E:\MobileClient_1099_BB\code\game\MixProject\tmp\csb
     [copy] Copying 5878 files to E:\MobileClient_1099_BB\code\game\MixProject\cocosstudio
     [copy] Copied 630 empty directories to 3 empty directories under E:\MobileClient_1099_BB\code\game\MixProject\cocosstudio
   [delete] Deleting directory E:\MobileClient_1099_BB\code\game\MixProject\cocosstudio\csb
     [copy] Copying 223 files to E:\MobileClient_1099_BB\code\game\MixProject\cocosstudio\csb
   [delete] Deleting directory E:\MobileClient_1099_BB\code\game\MixProject\tmp

generate:
     [java] ../cocosstudio
     [java] ..

BUILD SUCCESSFUL

init:
   [delete] Deleting: E:\MobileClient_1099_DEMO\code\game\MixProject\HuangGuangPro.ccs
    [mkdir] Created dir: E:\MobileClient_1099_DEMO\code\game\MixProject\tmp
     [copy] Copying 223 files to E:\MobileClient_1099_DEMO\code\game\MixProject\tmp\csb
     [copy] Copying 5878 files to E:\MobileClient_1099_DEMO\code\game\MixProject\cocosstudio
     [copy] Copied 630 empty directories to 3 empty directories under E:\MobileClient_1099_DEMO\code\game\MixProject\cocosstudio
   [delete] Deleting directory E:\MobileClient_1099_DEMO\code\game\MixProject\cocosstudio\csb
     [copy] Copying 223 files to E:\MobileClient_1099_DEMO\code\game\MixProject\cocosstudio\csb
   [delete] Deleting directory E:\MobileClient_1099_DEMO\code\game\MixProject\tmp

generate:
     [java] ../cocosstudio
     [java] ..

BUILD SUCCESSFUL

init:
   [delete] Deleting: E:\MobileClient_1099_DEMO\code\game\MixProject\HuangGuangPro.ccs
    [mkdir] Created dir: E:\MobileClient_1099_DEMO\code\game\MixProject\tmp
     [copy] Copying 223 files to E:\MobileClient_1099_DEMO\code\game\MixProject\tmp\csb
     [copy] Copying 5880 files to E:\MobileClient_1099_DEMO\code\game\MixProject\cocosstudio
     [copy] Copied 630 empty directories to 3 empty directories under E:\MobileClient_1099_DEMO\code\game\MixProject\cocosstudio
   [delete] Deleting directory E:\MobileClient_1099_DEMO\code\game\MixProject\cocosstudio\csb
     [copy] Copying 223 files to E:\MobileClient_1099_DEMO\code\game\MixProject\cocosstudio\csb
   [delete] Deleting directory E:\MobileClient_1099_DEMO\code\game\MixProject\tmp

generate:
     [java] ../cocosstudio
     [java] ..

BUILD SUCCESSFUL
